<?xml version="1.0" encoding="UTF-8"?>
<!-- Generated by org.testng.reporters.JUnitReportReporter -->
<testsuite hostname="DESKTOP-34C1OTH" name="com.attrubute.FruitsTest" tests="5" failures="0" timestamp="26 Sep 2023 01:17:54 GMT" time="0.021" errors="0">
  <testcase name="apple" time="0.000" classname="com.attrubute.FruitsTest"/>
  <testcase name="mango" time="0.002" classname="com.attrubute.FruitsTest"/>
  <testcase name="banana" time="0.002" classname="com.attrubute.FruitsTest"/>
  <testcase name="grapes" time="0.017" classname="com.attrubute.FruitsTest"/>
  <testcase name="pear" time="0.000" classname="com.attrubute.FruitsTest"/>
</testsuite> <!-- com.attrubute.FruitsTest -->
