<?xml version="1.0" encoding="UTF-8"?>
<!-- Generated by org.testng.reporters.JUnitReportReporter -->
<testsuite hostname="DESKTOP-34C1OTH" name="com.test.AmazonTest" tests="1" failures="0" timestamp="4 Oct 2023 00:59:25 GMT" time="5.074" errors="0">
  <testcase name="aM" time="5.074" classname="com.test.AmazonTest"/>
</testsuite> <!-- com.test.AmazonTest -->
