<?xml version="1.0" encoding="UTF-8"?>
<!-- Generated by org.testng.reporters.JUnitReportReporter -->
<testsuite hostname="DESKTOP-34C1OTH" name="com.attrubute.FruitsDependsTest" tests="5" failures="0" timestamp="26 Sep 2023 01:24:08 GMT" time="0.022" errors="0">
  <testcase name="apple" time="0.000" classname="com.attrubute.FruitsDependsTest"/>
  <testcase name="mango" time="0.002" classname="com.attrubute.FruitsDependsTest"/>
  <testcase name="banana" time="0.001" classname="com.attrubute.FruitsDependsTest"/>
  <testcase name="grapes" time="0.018" classname="com.attrubute.FruitsDependsTest"/>
  <testcase name="pear" time="0.001" classname="com.attrubute.FruitsDependsTest"/>
</testsuite> <!-- com.attrubute.FruitsDependsTest -->
