<?xml version="1.0" encoding="UTF-8"?>
<!-- Generated by org.testng.reporters.JUnitReportReporter -->
<testsuite hostname="DESKTOP-34C1OTH" name="com.attrubute.AmazonTest" tests="1" failures="0" timestamp="26 Sep 2023 01:05:47 GMT" time="16.777" errors="0">
  <testcase name="aM" time="16.777" classname="com.attrubute.AmazonTest"/>
</testsuite> <!-- com.attrubute.AmazonTest -->
