<?xml version="1.0" encoding="UTF-8"?>
<!-- Generated by org.testng.reporters.JUnitReportReporter -->
<testsuite hostname="DESKTOP-34C1OTH" name="com.test.OrangeTest" tests="1" failures="0" timestamp="4 Oct 2023 00:59:25 GMT" time="10.368" errors="0">
  <testcase name="hRm" time="10.368" classname="com.test.OrangeTest"/>
</testsuite> <!-- com.test.OrangeTest -->
