<?xml version="1.0" encoding="UTF-8"?>
<!-- Generated by org.testng.reporters.JUnitReportReporter -->
<testsuite hostname="DESKTOP-34C1OTH" name="com.test.NumbersTest" tests="1" failures="0" timestamp="25 Sep 2023 01:12:41 GMT" time="0.004" errors="0">
  <testcase name="one" time="0.004" classname="com.test.NumbersTest"/>
</testsuite> <!-- com.test.NumbersTest -->
