<?xml version="1.0" encoding="UTF-8"?>
<!-- Generated by org.testng.reporters.JUnitReportReporter -->
<testsuite hostname="DESKTOP-34C1OTH" name="com.attrubute.IhgTest$IhgTestDemo" tests="2" failures="0" timestamp="29 Sep 2023 00:51:12 GMT" time="21.998" errors="0">
  <testcase name="hrm" time="11.256" classname="com.attrubute.IhgTest$IhgTestDemo"/>
  <testcase name="hrm" time="10.742" classname="com.attrubute.IhgTest$IhgTestDemo"/>
</testsuite> <!-- com.attrubute.IhgTest$IhgTestDemo -->
