<?xml version="1.0" encoding="UTF-8"?>
<!-- Generated by org.testng.reporters.JUnitReportReporter -->
<testsuite hostname="DESKTOP-34C1OTH" name="com.test.IhcTest" tests="1" failures="0" timestamp="4 Oct 2023 00:59:25 GMT" time="8.603" errors="0">
  <testcase name="iHg" time="8.603" classname="com.test.IhcTest"/>
</testsuite> <!-- com.test.IhcTest -->
