<?xml version="1.0" encoding="UTF-8"?>
<!-- Generated by org.testng.reporters.JUnitReportReporter -->
<testsuite hostname="DESKTOP-34C1OTH" name="com.test.GmailTest" tests="1" failures="0" timestamp="4 Oct 2023 00:59:25 GMT" time="4.742" errors="0">
  <testcase name="gM" time="4.742" classname="com.test.GmailTest"/>
</testsuite> <!-- com.test.GmailTest -->
