<?xml version="1.0" encoding="UTF-8"?>
<!-- Generated by org.testng.reporters.JUnitReportReporter -->
<testsuite hostname="DESKTOP-34C1OTH" name="com.test.FacebookTest" tests="1" failures="0" timestamp="4 Oct 2023 00:59:25 GMT" time="27.023" errors="0">
  <testcase name="fB" time="27.023" classname="com.test.FacebookTest"/>
</testsuite> <!-- com.test.FacebookTest -->
