<?xml version="1.0" encoding="UTF-8"?>
<!-- Generated by org.testng.reporters.JUnitReportReporter -->
<testsuite hostname="DESKTOP-34C1OTH" name="com.attrubute.FacebookTest" tests="3" failures="0" timestamp="26 Sep 2023 01:00:30 GMT" time="7.992" errors="0">
  <testcase name="Fb" time="3.303" classname="com.attrubute.FacebookTest"/>
  <testcase name="Fb" time="2.315" classname="com.attrubute.FacebookTest"/>
  <testcase name="Fb" time="2.374" classname="com.attrubute.FacebookTest"/>
</testsuite> <!-- com.attrubute.FacebookTest -->
